<?xml version="1.0" encoding="UTF-8"?>
<!-- Generated by org.testng.reporters.JUnitReportReporter -->
<testsuite skipped="0" hostname="MININT-SMKHDAE" name="JavaStarPattern.Pattern3" tests="1" failures="0" timestamp="2019-11-18T21:24:56 IST" time="0.016" errors="0">
  <testcase name="starpattern3" time="0.016" classname="JavaStarPattern.Pattern3"/>
</testsuite> <!-- JavaStarPattern.Pattern3 -->
