<?xml version="1.0" encoding="UTF-8"?>
<!-- Generated by org.testng.reporters.JUnitReportReporter -->
<testsuite skipped="0" hostname="MININT-SMKHDAE" name="JavaStringPrograms.ReverseString" tests="1" failures="0" timestamp="2019-11-21T20:50:47 IST" time="0.016" errors="0">
  <testcase name="ReverseStringWithByteArray" time="0.016" classname="JavaStringPrograms.ReverseString"/>
</testsuite> <!-- JavaStringPrograms.ReverseString -->
