<?xml version="1.0" encoding="UTF-8"?>
<!-- Generated by org.testng.reporters.JUnitReportReporter -->
<testsuite skipped="0" hostname="MININT-SMKHDAE" name="JavaStringPrograms.ReverseString" tests="1" failures="0" timestamp="2019-11-20T22:49:25 IST" time="0.012" errors="0">
  <testcase name="ReverseStringWithByteArray" time="0.012" classname="JavaStringPrograms.ReverseString"/>
</testsuite> <!-- JavaStringPrograms.ReverseString -->
