<?xml version="1.0" encoding="UTF-8"?>
<!-- Generated by org.testng.reporters.JUnitReportReporter -->
<testsuite skipped="0" hostname="MININT-SMKHDAE" name="JavaStringPrograms.ReverseString2" tests="1" failures="0" timestamp="2019-12-23T21:30:44 IST" time="0.011" errors="0">
  <testcase name="reverseEachWordOfAString" time="0.011" classname="JavaStringPrograms.ReverseString2"/>
</testsuite> <!-- JavaStringPrograms.ReverseString2 -->
