<?xml version="1.0" encoding="UTF-8"?>
<!-- Generated by org.testng.reporters.JUnitReportReporter -->
<testsuite skipped="0" hostname="MININT-SMKHDAE" name="JavaStarPattern.Pattern1" tests="1" failures="0" timestamp="2020-01-10T19:37:56 IST" time="0.011" errors="0">
  <testcase name="starPattern1" time="0.011" classname="JavaStarPattern.Pattern1"/>
</testsuite> <!-- JavaStarPattern.Pattern1 -->
