<?xml version="1.0" encoding="UTF-8"?>
<!-- Generated by org.testng.reporters.JUnitReportReporter -->
<testsuite skipped="0" hostname="MININT-SMKHDAE" name="JavaProject.JavaProject.Pattern3" tests="1" failures="0" timestamp="2019-11-18T20:15:28 IST" time="0.016" errors="0">
  <testcase name="starpattern3" time="0.016" classname="JavaProject.JavaProject.Pattern3"/>
</testsuite> <!-- JavaProject.JavaProject.Pattern3 -->
