<?xml version="1.0" encoding="UTF-8"?>
<!-- Generated by org.testng.reporters.JUnitReportReporter -->
<testsuite skipped="0" hostname="MININT-SMKHDAE" name="JavaStringPrograms.ReverseString2" tests="1" failures="0" timestamp="2019-11-19T19:52:26 IST" time="0.015" errors="0">
  <testcase name="reverseString" time="0.015" classname="JavaStringPrograms.ReverseString2"/>
</testsuite> <!-- JavaStringPrograms.ReverseString2 -->
