<?xml version="1.0" encoding="UTF-8"?>
<!-- Generated by org.testng.reporters.JUnitReportReporter -->
<testsuite skipped="0" hostname="MININT-SMKHDAE" name="JavaProject.JavaProject.Pattern2" tests="1" failures="0" timestamp="2019-11-10T10:38:11 IST" time="0.024" errors="0">
  <testcase name="starPattern2" time="0.024" classname="JavaProject.JavaProject.Pattern2"/>
</testsuite> <!-- JavaProject.JavaProject.Pattern2 -->
