<?xml version="1.0" encoding="UTF-8"?>
<!-- Generated by org.testng.reporters.JUnitReportReporter -->
<testsuite skipped="0" hostname="MININT-SMKHDAE" name="JavaStringPrograms.ReverseString1" tests="1" failures="0" timestamp="2019-11-20T22:44:05 IST" time="0.013" errors="0">
  <testcase name="reverseStringWithStrinBuilder" time="0.013" classname="JavaStringPrograms.ReverseString1"/>
</testsuite> <!-- JavaStringPrograms.ReverseString1 -->
