<?xml version="1.0" encoding="UTF-8"?>
<!-- Generated by org.testng.reporters.JUnitReportReporter -->
<testsuite skipped="0" hostname="MININT-SMKHDAE" name="JavaProject.JavaProject.Pattern2" tests="1" failures="0" timestamp="2019-11-18T19:53:17 IST" time="0.014" errors="0">
  <testcase name="starPattern2" time="0.014" classname="JavaProject.JavaProject.Pattern2"/>
</testsuite> <!-- JavaProject.JavaProject.Pattern2 -->
