<?xml version="1.0" encoding="UTF-8"?>
<!-- Generated by org.testng.reporters.JUnitReportReporter -->
<testsuite skipped="0" hostname="MININT-SMKHDAE" name="JavaProject.JavaProject.Pattern1" tests="1" failures="0" timestamp="2019-11-10T10:36:49 IST" time="0.000" errors="0">
  <testcase name="starPattern1" time="0.000" classname="JavaProject.JavaProject.Pattern1"/>
</testsuite> <!-- JavaProject.JavaProject.Pattern1 -->
