<?xml version="1.0" encoding="UTF-8"?>
<!-- Generated by org.testng.reporters.JUnitReportReporter -->
<testsuite skipped="0" hostname="MININT-SMKHDAE" name="JavaProject.JavaProject.App2" tests="1" failures="0" timestamp="2019-11-10T10:29:10 IST" time="0.014" errors="0">
  <testcase name="test" time="0.014" classname="JavaProject.JavaProject.App2"/>
</testsuite> <!-- JavaProject.JavaProject.App2 -->
