<?xml version="1.0" encoding="UTF-8"?>
<!-- Generated by org.testng.reporters.JUnitReportReporter -->
<testsuite skipped="0" hostname="MININT-SMKHDAE" name="JavaStringPrograms.ReverseString1" tests="1" failures="0" timestamp="2019-11-19T19:17:16 IST" time="0.016" errors="0">
  <testcase name="reverseStringWithStrinBuilder" time="0.016" classname="JavaStringPrograms.ReverseString1"/>
</testsuite> <!-- JavaStringPrograms.ReverseString1 -->
